0 info it worked if it ends with ok
1 verbose cli [ '/usr/local/bin/node', '/usr/local/bin/npm', 'run', 'test' ]
2 info using npm@3.9.0
3 info using node@v4.4.2
4 verbose run-script [ 'pretest', 'test', 'posttest' ]
5 info lifecycle tetris@1.0.0~pretest: tetris@1.0.0
6 silly lifecycle tetris@1.0.0~pretest: no script for pretest, continuing
7 info lifecycle tetris@1.0.0~test: tetris@1.0.0
8 verbose lifecycle tetris@1.0.0~test: unsafe-perm in lifecycle true
9 verbose lifecycle tetris@1.0.0~test: PATH: /usr/local/lib/node_modules/npm/bin/node-gyp-bin:/Users/cjavilla/repos/tetris/node_modules/.bin:/usr/local/bin:/usr/local/mysql/bin:/usr/local/bin:/Applications/Postgres.app/Contents/Versions/9.4/bin:/Users/cjavilla/.rbenv/shims:/Users/cjavilla/.rbenv/bin:/usr/local/share/python:/Users/cjavilla/Library/Python/2.7/bin:/Users/cjavilla/.bin:/usr/local/mysql/bin:/usr/local/bin:/Applications/Postgres.app/Contents/Versions/9.4/bin:/Users/cjavilla/.rbenv/shims:/Users/cjavilla/.rbenv/bin:/usr/local/share/python:/Users/cjavilla/Library/Python/2.7/bin:/Users/cjavilla/.bin:/usr/local/bin:/usr/bin:/bin:/usr/sbin:/sbin:/usr/local/MacGPG2/bin
10 verbose lifecycle tetris@1.0.0~test: CWD: /Users/cjavilla/repos/tetris
11 silly lifecycle tetris@1.0.0~test: Args: [ '-c', './node_modules/jasmine-es6/bin/jasmine.js spec/*' ]
12 silly lifecycle tetris@1.0.0~test: Returned: code: 1  signal: null
13 info lifecycle tetris@1.0.0~test: Failed to exec test script
14 verbose stack Error: tetris@1.0.0 test: `./node_modules/jasmine-es6/bin/jasmine.js spec/*`
14 verbose stack Exit status 1
14 verbose stack     at EventEmitter.<anonymous> (/usr/local/lib/node_modules/npm/lib/utils/lifecycle.js:245:16)
14 verbose stack     at emitTwo (events.js:87:13)
14 verbose stack     at EventEmitter.emit (events.js:172:7)
14 verbose stack     at ChildProcess.<anonymous> (/usr/local/lib/node_modules/npm/lib/utils/spawn.js:24:14)
14 verbose stack     at emitTwo (events.js:87:13)
14 verbose stack     at ChildProcess.emit (events.js:172:7)
14 verbose stack     at maybeClose (internal/child_process.js:827:16)
14 verbose stack     at Process.ChildProcess._handle.onexit (internal/child_process.js:211:5)
15 verbose pkgid tetris@1.0.0
16 verbose cwd /Users/cjavilla/repos/tetris
17 error Darwin 15.5.0
18 error argv "/usr/local/bin/node" "/usr/local/bin/npm" "run" "test"
19 error node v4.4.2
20 error npm  v3.9.0
21 error code ELIFECYCLE
22 error tetris@1.0.0 test: `./node_modules/jasmine-es6/bin/jasmine.js spec/*`
22 error Exit status 1
23 error Failed at the tetris@1.0.0 test script './node_modules/jasmine-es6/bin/jasmine.js spec/*'.
23 error Make sure you have the latest version of node.js and npm installed.
23 error If you do, this is most likely a problem with the tetris package,
23 error not with npm itself.
23 error Tell the author that this fails on your system:
23 error     ./node_modules/jasmine-es6/bin/jasmine.js spec/*
23 error You can get information on how to open an issue for this project with:
23 error     npm bugs tetris
23 error Or if that isn't available, you can get their info via:
23 error     npm owner ls tetris
23 error There is likely additional logging output above.
24 verbose exit [ 1, true ]
